f:\~workspace\tanks\tanks\tanks\debug\vc140.pdb
f:\~workspace\tanks\tanks\tanks\debug\vc140.idb
f:\~workspace\tanks\tanks\tanks\debug\source.obj
f:\~workspace\tanks\tanks\tanks\debug\texture.obj
f:\~workspace\tanks\tanks\tanks\debug\tileset.obj
f:\~workspace\tanks\tanks\tanks\debug\collision.obj
f:\~workspace\tanks\tanks\tanks\debug\coord.obj
f:\~workspace\tanks\tanks\tanks\debug\projectile.obj
f:\~workspace\tanks\tanks\tanks\debug\projectilelist.obj
f:\~workspace\tanks\tanks\tanks\debug\tank.obj
f:\~workspace\tanks\tanks\tanks\debug\terrain.obj
f:\~workspace\tanks\tanks\tanks\debug\terraingeneration.obj
f:\~workspace\tanks\tanks\tanks\debug\button.obj
f:\~workspace\tanks\tanks\tanks\debug\menu.obj
f:\~workspace\tanks\tanks\debug\tanks.pdb
f:\~workspace\tanks\tanks\tanks\debug\tanks.tlog\cl.command.1.tlog
f:\~workspace\tanks\tanks\tanks\debug\tanks.tlog\cl.read.1.tlog
f:\~workspace\tanks\tanks\tanks\debug\tanks.tlog\cl.write.1.tlog
f:\~workspace\tanks\tanks\tanks\debug\tanks.tlog\link.command.1.tlog
f:\~workspace\tanks\tanks\tanks\debug\tanks.tlog\link.read.1.tlog
f:\~workspace\tanks\tanks\tanks\debug\tanks.tlog\link.write.1.tlog
